<?xml version="1.0" encoding="UTF-8"?>
<!-- Generated by org.testng.reporters.JUnitReportReporter -->
<testsuite hostname="DESKTOP-BV4251D" failures="0" tests="1" name="selenium1.Test1" time="0.011" errors="0" timestamp="2021-12-01T16:56:51 EST" skipped="0">
  <testcase classname="selenium1.Test1" name="demo" time="0.011"/>
  <system-out/>
</testsuite> <!-- selenium1.Test1 -->
